<?xml version="1.0" encoding="UTF-8"?>
<!-- Generated by org.testng.reporters.JUnitXMLReporter -->
<testsuite hostname="DESKTOP-C31C864" ignored="0" name="Command line test" tests="3" failures="0" timestamp="2022-05-10T17:19:18 IST" time="0.125" errors="0">
  <testcase name="contactTest" time="0.011" classname="com.crm.elotto.contactTest.ContactTest"/>
  <testcase name="deletecontactTest" time="0.003" classname="com.crm.elotto.contactTest.ContactTest"/>
  <testcase name="editcontactTest" time="0.0" classname="com.crm.elotto.contactTest.ContactTest"/>
</testsuite> <!-- Command line test -->
