<?xml version="1.0" encoding="UTF-8"?>
<!-- Generated by org.testng.reporters.JUnitXMLReporter -->
<testsuite ignored="0" hostname="DESKTOP-C31C864" failures="0" tests="3" name="Default test" time="0.136" errors="0" timestamp="2022-05-10T16:39:57 IST">
  <testcase classname="com.crm.elotto.contactTest.ContactTest" name="contactTest" time="0.02"/>
  <testcase classname="com.crm.elotto.contactTest.ContactTest" name="deletecontactTest" time="0.005"/>
  <testcase classname="com.crm.elotto.contactTest.ContactTest" name="editcontactTest" time="0.005"/>
</testsuite> <!-- Default test -->
