<?xml version="1.0" encoding="UTF-8"?>
<!-- Generated by org.testng.reporters.JUnitXMLReporter -->
<testsuite ignored="6" hostname="DESKTOP-C31C864" failures="0" tests="3" name="Test" time="0.158" errors="0" timestamp="2022-05-10T14:40:28 IST">
  <testcase classname="com.crm.elotto.contactTest.ContactTest" name="contactTest" time="0.021"/>
  <testcase classname="com.crm.elotto.OrganisationTest.OrganisationTest" name="createorgTest" time="0.006"/>
  <testcase classname="com.crm.elotto.SampleTest.SampleTest" name="createsampTest" time="0.004"/>
  <testcase classname="com.crm.elotto.contactTest.ContactTest" name="deletecontactTest" time="0.0">
    <ignored/>
  </testcase> <!-- deletecontactTest -->
  <testcase classname="com.crm.elotto.contactTest.ContactTest" name="editcontactTest" time="0.0">
    <ignored/>
  </testcase> <!-- editcontactTest -->
  <testcase classname="com.crm.elotto.OrganisationTest.OrganisationTest" name="editOrgTest" time="0.0">
    <ignored/>
  </testcase> <!-- editOrgTest -->
  <testcase classname="com.crm.elotto.OrganisationTest.OrganisationTest" name="deleteOrgTest" time="0.0">
    <ignored/>
  </testcase> <!-- deleteOrgTest -->
  <testcase classname="com.crm.elotto.SampleTest.SampleTest" name="deleteSampleTest" time="0.0">
    <ignored/>
  </testcase> <!-- deleteSampleTest -->
  <testcase classname="com.crm.elotto.SampleTest.SampleTest" name="editSampleTest" time="0.0">
    <ignored/>
  </testcase> <!-- editSampleTest -->
</testsuite> <!-- Test -->
