<?xml version="1.0" encoding="UTF-8"?>
<!-- Generated by org.testng.reporters.JUnitXMLReporter -->
<testsuite hostname="DESKTOP-C31C864" ignored="0" name="Command line test" tests="9" failures="0" timestamp="2022-05-10T17:31:49 IST" time="0.123" errors="0">
  <testcase name="contactTest" time="0.01" classname="com.crm.elotto.contactTest.ContactTest"/>
  <testcase name="deletecontactTest" time="0.0" classname="com.crm.elotto.contactTest.ContactTest"/>
  <testcase name="editcontactTest" time="0.0" classname="com.crm.elotto.contactTest.ContactTest"/>
  <testcase name="createorgTest" time="0.0" classname="com.crm.elotto.OrganisationTest.OrganisationTest"/>
  <testcase name="deleteOrgTest" time="0.0" classname="com.crm.elotto.OrganisationTest.OrganisationTest"/>
  <testcase name="editOrgTest" time="0.001" classname="com.crm.elotto.OrganisationTest.OrganisationTest"/>
  <testcase name="createsampTest" time="0.0" classname="com.crm.elotto.SampleTest.SampleTest"/>
  <testcase name="deleteSampleTest" time="0.001" classname="com.crm.elotto.SampleTest.SampleTest"/>
  <testcase name="editSampleTest" time="0.0" classname="com.crm.elotto.SampleTest.SampleTest"/>
</testsuite> <!-- Command line test -->
