<?xml version="1.0" encoding="UTF-8"?>
<!-- Generated by org.testng.reporters.JUnitXMLReporter -->
<testsuite hostname="DESKTOP-C31C864" ignored="0" name="Command line test" tests="3" failures="0" timestamp="2022-05-10T17:18:34 IST" time="0.119" errors="0">
  <testcase name="createsampTest" time="0.011" classname="com.crm.elotto.SampleTest.SampleTest"/>
  <testcase name="deleteSampleTest" time="0.001" classname="com.crm.elotto.SampleTest.SampleTest"/>
  <testcase name="editSampleTest" time="0.002" classname="com.crm.elotto.SampleTest.SampleTest"/>
</testsuite> <!-- Command line test -->
