<?xml version="1.0" encoding="UTF-8"?>
<!-- Generated by org.testng.reporters.JUnitXMLReporter -->
<testsuite hostname="DESKTOP-C31C864" ignored="0" name="Command line test" tests="3" failures="0" timestamp="2022-05-10T17:20:07 IST" time="0.112" errors="0">
  <testcase name="createorgTest" time="0.011" classname="com.crm.elotto.OrganisationTest.OrganisationTest"/>
  <testcase name="deleteOrgTest" time="0.001" classname="com.crm.elotto.OrganisationTest.OrganisationTest"/>
  <testcase name="editOrgTest" time="0.001" classname="com.crm.elotto.OrganisationTest.OrganisationTest"/>
</testsuite> <!-- Command line test -->
