<?xml version="1.0" encoding="UTF-8"?>
<testng-results ignored="0" total="3" passed="3" failed="0" skipped="0">
  <reporter-output>
  </reporter-output>
  <suite started-at="2022-05-10T16:39:57 IST" name="Default suite" finished-at="2022-05-10T16:39:57 IST" duration-ms="136">
    <groups>
      <group name="SmokeTest">
        <method signature="ContactTest.contactTest()[pri:0, instance:com.crm.elotto.contactTest.ContactTest@55b53d44]" name="contactTest" class="com.crm.elotto.contactTest.ContactTest"/>
      </group> <!-- SmokeTest -->
      <group name="RegressionTest">
        <method signature="ContactTest.deletecontactTest()[pri:0, instance:com.crm.elotto.contactTest.ContactTest@55b53d44]" name="deletecontactTest" class="com.crm.elotto.contactTest.ContactTest"/>
        <method signature="ContactTest.editcontactTest()[pri:0, instance:com.crm.elotto.contactTest.ContactTest@55b53d44]" name="editcontactTest" class="com.crm.elotto.contactTest.ContactTest"/>
      </group> <!-- RegressionTest -->
    </groups>
    <test started-at="2022-05-10T16:39:57 IST" name="Default test" finished-at="2022-05-10T16:39:57 IST" duration-ms="136">
      <class name="com.crm.elotto.contactTest.ContactTest">
        <test-method signature="contactTest()[pri:0, instance:com.crm.elotto.contactTest.ContactTest@55b53d44]" started-at="2022-05-10T16:39:57 IST" name="contactTest" finished-at="2022-05-10T16:39:57 IST" duration-ms="20" status="PASS">
          <reporter-output>
          </reporter-output>
        </test-method> <!-- contactTest -->
        <test-method signature="deletecontactTest()[pri:0, instance:com.crm.elotto.contactTest.ContactTest@55b53d44]" started-at="2022-05-10T16:39:57 IST" name="deletecontactTest" finished-at="2022-05-10T16:39:57 IST" duration-ms="5" status="PASS">
          <reporter-output>
          </reporter-output>
        </test-method> <!-- deletecontactTest -->
        <test-method signature="editcontactTest()[pri:0, instance:com.crm.elotto.contactTest.ContactTest@55b53d44]" started-at="2022-05-10T16:39:57 IST" name="editcontactTest" finished-at="2022-05-10T16:39:57 IST" duration-ms="5" status="PASS">
          <reporter-output>
          </reporter-output>
        </test-method> <!-- editcontactTest -->
      </class> <!-- com.crm.elotto.contactTest.ContactTest -->
    </test> <!-- Default test -->
  </suite> <!-- Default suite -->
</testng-results>
